Before sort:
56
195
30
73
68
15
170
21
80
91
54
225
92
167
194
173
104
243
78
121
116
63
218
69
128
139
102
17
140
215
242
221
152
35
126
169
164
111
10
117
176
187
150
65
188
7
34
13
200
83
174
217
212
159
58
165
224
235
198
113
236
55
82
61
248
131
222
9
4
207
106
213
16
27
246
161
28
103
130
109
40
179
14
57
52
255
154
5
64
75
38
209
76
151
178
157
88
227
62
105
100
47
202
53
112
123
86
1
124
199
226
205
136
19
110
153
148
95
250
101
160
171
134
49
172
247
18
253
184
67
158
201
196
143
42
149
208
219
182
97
220
39
66
45
232
115
206
249
244
191
90
197
0
11
230
145
12
87
114
93
24
163
254
41
36
239
138
245
48
59
22
193
60
135
162
141
72
211
46
89
84
31
186
37
96
107
70
241
108
183
210
189
120
3
94
137
132
79
234
85
144
155
118
33
156
231
2
237
168
51
142
185
180
127
26
133
192
203
166
81
204
23
50
29
216
99
190
233
228
175
74
181
240
251
214
129
252
71
98
77
8
147
238
25
20
223
122
229
32
43
6
177
44
119
146
125
After sort:
0
1
2
3
4
5
6
7
8
9
10
11
12
13
14
15
16
17
18
19
20
21
22
23
24
25
26
27
28
29
30
31
32
33
34
35
36
37
38
39
40
41
42
43
44
45
46
47
48
49
50
51
52
53
54
55
56
57
58
59
60
61
62
63
64
65
66
67
68
69
70
71
72
73
74
75
76
77
78
79
80
81
82
83
84
85
86
87
88
89
90
91
92
93
94
95
96
97
98
99
100
101
102
103
104
105
106
107
108
109
110
111
112
113
114
115
116
117
118
119
120
121
122
123
124
125
126
127
128
129
130
131
132
133
134
135
136
137
138
139
140
141
142
143
144
145
146
147
148
149
150
151
152
153
154
155
156
157
158
159
160
161
162
163
164
165
166
167
168
169
170
171
172
173
174
175
176
177
178
179
180
181
182
183
184
185
186
187
188
189
190
191
192
193
194
195
196
197
198
199
200
201
202
203
204
205
206
207
208
209
210
211
212
213
214
215
216
217
218
219
220
221
222
223
224
225
226
227
228
229
230
231
232
233
234
235
236
237
238
239
240
241
242
243
244
245
246
247
248
249
250
251
252
253
254
255
